Loading data...
Merging data...
Aggregating to customer level...
Latest order date in dataset: 2018-09-03 09:06:57
Handling missing values...
Filled missing avg_monetary with median: 105.84
Filled missing avg_items_per_order with median: 1.00
Filled missing avg_freight_per_order with median: 16.40
Filled missing avg_installments with median: 2.00
Filled missing avg_review_score with median: 5.00
Filled missing pct_orders_with_review with median: 1.00
Reducing categorical dimensions...
Preparing features for clustering...
Feature matrix shape before cleaning: (95419, 31)
Feature matrix shape after cleaning: (95419, 31)
Standardizing features...
Applying PCA for dimensionality reduction...
Original features: 31
PCA components: 25
Explained variance ratio: 0.9588
Running MiniBatchKMeans for k=2 to 6...
k=2: Silhouette=0.0775, CH=5742.9, DB=1.983
k=3: Silhouette=0.1161, CH=6318.7, DB=2.730
